Arguments: 
  /Users/pritin.tyagaraj/.nvm/versions/node/v9.11.2/bin/node /usr/local/Cellar/yarn/1.22.4/libexec/bin/yarn.js init

PATH: 
  /Library/Frameworks/Python.framework/Versions/3.6/bin:/Users/pritin.tyagaraj/.nvm/versions/node/v9.11.2/bin:/usr/local/bin:/usr/bin:/bin:/usr/sbin:/sbin

Yarn version: 
  1.22.4

Node version: 
  9.11.2

Platform: 
  darwin x64

Trace: 
  Error: canceled
      at Interface.<anonymous> (/usr/local/Cellar/yarn/1.22.4/libexec/lib/cli.js:137008:13)
      at Interface.emit (events.js:180:13)
      at Interface._ttyWrite (readline.js:783:16)
      at ReadStream.onkeypress (readline.js:163:10)
      at ReadStream.emit (events.js:180:13)
      at emitKeys (internal/readline.js:422:14)
      at emitKeys.next (<anonymous>)
      at ReadStream.onData (readline.js:1019:36)
      at ReadStream.emit (events.js:180:13)
      at addChunk (_stream_readable.js:274:12)

npm manifest: 
  {
    "name": "solna-busyness-predictor",
    "version": "1.0.0",
    "description": "Parking in Solna (a commune in Stockholm, Sweden) is a challenge when there are popular events happening at Friends Arena. This app helps Solna residents relying on on-street parking to use this information to be better prepared.",
    "main": "index.js",
    "repository": "git@github.com:pritin-tyagaraj/solna-busyness-predictor.git",
    "author": "Pritin Tyagaraj <pritin.tyagaraj@klarna.com>",
    "license": "MIT"
  }

yarn manifest: 
  No manifest

Lockfile: 
  No lockfile
